<?xml version="1.0" encoding="UTF-8"?>
<!-- Generated by org.testng.reporters.JUnitReportReporter -->
<testsuite hostname="Anwara" name="com.handlingajaxelements.Ajax1" tests="1" failures="0" timestamp="10 Feb 2015 17:11:12 GMT" time="29.481" errors="0">
  <testcase name="test" time="29.481" classname="com.handlingajaxelements.Ajax1"/>
</testsuite> <!-- com.handlingajaxelements.Ajax1 -->
