<?xml version="1.0" encoding="UTF-8"?>
<!-- Generated by org.testng.reporters.JUnitReportReporter -->
<testsuite hostname="Anwara" name="com.handlingajaxelements.Ajax2" tests="1" failures="0" timestamp="10 Feb 2015 17:35:20 GMT" time="27.474" errors="0">
  <testcase name="test" time="27.474" classname="com.handlingajaxelements.Ajax2"/>
</testsuite> <!-- com.handlingajaxelements.Ajax2 -->
